<?xml version="1.0" encoding="UTF-8"?>
<!-- Generated by org.testng.reporters.JUnitReportReporter -->
<testsuite hostname="mamipapsal" failures="0" tests="3" name="com.Runnerclass.Priority" time="10.795" errors="0" timestamp="2024-08-19T13:29:38 IST" skipped="0">
  <testcase classname="com.Runnerclass.Priority" name="browserLaunch" time="10.492"/>
  <system-out/>
  <testcase classname="com.Runnerclass.Priority" name="search" time="0.120"/>
  <system-out/>
  <testcase classname="com.Runnerclass.Priority" name="close" time="0.183"/>
  <system-out/>
</testsuite> <!-- com.Runnerclass.Priority -->
