<?xml version="1.0" encoding="UTF-8"?>
<!-- Generated by org.testng.reporters.JUnitReportReporter -->
<testsuite hostname="mamipapsal" failures="0" tests="3" name="com.Runnerclass.DataProviderTest" time="7.286" errors="0" timestamp="2024-08-22T12:08:16 IST" skipped="0">
  <testcase classname="com.Runnerclass.DataProviderTest" name="login" time="2.203"/>
  <system-out/>
  <testcase classname="com.Runnerclass.DataProviderTest" name="login" time="2.141"/>
  <system-out/>
  <testcase classname="com.Runnerclass.DataProviderTest" name="login" time="2.942"/>
  <system-out/>
</testsuite> <!-- com.Runnerclass.DataProviderTest -->
