<?xml version="1.0" encoding="UTF-8"?>
<!-- Generated by org.testng.reporters.JUnitReportReporter -->
<testsuite hostname="mamipapsal" failures="0" tests="6" name="com.Runnerclass.Grouping" time="0.064" errors="0" timestamp="2024-08-21T12:32:22 IST" skipped="0">
  <testcase classname="com.Runnerclass.Grouping" name="sreniketanSchool" time="0.002"/>
  <system-out/>
  <testcase classname="com.Runnerclass.Grouping" name="jecCollege" time="0.001"/>
  <system-out/>
  <testcase classname="com.Runnerclass.Grouping" name="rmkCollege" time="0.003"/>
  <system-out/>
  <testcase classname="com.Runnerclass.Grouping" name="beesSchool" time="0.054"/>
  <system-out/>
  <testcase classname="com.Runnerclass.Grouping" name="srmjvSchool" time="0.002"/>
  <system-out/>
  <testcase classname="com.Runnerclass.Grouping" name="jayaCollege" time="0.002"/>
  <system-out/>
</testsuite> <!-- com.Runnerclass.Grouping -->
