<?xml version="1.0" encoding="UTF-8"?>
<!-- Generated by org.testng.reporters.JUnitReportReporter -->
<testsuite hostname="mamipapsal" failures="0" tests="1" name="com.Runnerclass.Parameter" time="2.852" errors="0" timestamp="2024-08-22T12:33:02 IST" skipped="0">
  <testcase classname="com.Runnerclass.Parameter" name="login" time="2.852"/>
  <system-out/>
</testsuite> <!-- com.Runnerclass.Parameter -->
